<?xml version="1.0" encoding="UTF-8"?>
<robot generator="Robot 7.2 (Python 3.13.1 on win32)" generated="2025-02-28T15:48:41.837235" rpa="false" schemaversion="5">
<suite id="s1" name="26Tagging" source="C:\Users\nitku\PycharmProjects\WebAutomationRobot\TestCases\26Tagging.robot">
<test id="s1-t1" name="TC1:" line="5">
<kw name="Log To Console" owner="BuiltIn">
<arg>test case 1 start</arg>
<doc>Logs the given message to the console.</doc>
<status status="PASS" start="2025-02-28T15:48:42.034782" elapsed="0.000433"/>
</kw>
<kw name="Log To Console" owner="BuiltIn">
<arg>test case 1 end</arg>
<doc>Logs the given message to the console.</doc>
<status status="PASS" start="2025-02-28T15:48:42.035761" elapsed="0.000505"/>
</kw>
<tag>regression</tag>
<status status="PASS" start="2025-02-28T15:48:42.033655" elapsed="0.003017"/>
</test>
<test id="s1-t2" name="TC3:" line="14">
<kw name="Log To Console" owner="BuiltIn">
<arg>test case 3 start</arg>
<doc>Logs the given message to the console.</doc>
<status status="PASS" start="2025-02-28T15:48:42.037897" elapsed="0.000381"/>
</kw>
<kw name="Log To Console" owner="BuiltIn">
<arg>test case 3 end</arg>
<doc>Logs the given message to the console.</doc>
<status status="PASS" start="2025-02-28T15:48:42.038614" elapsed="0.000347"/>
</kw>
<tag>regression</tag>
<status status="PASS" start="2025-02-28T15:48:42.037385" elapsed="0.001910"/>
</test>
<status status="PASS" start="2025-02-28T15:48:41.838215" elapsed="0.202174"/>
</suite>
<statistics>
<total>
<stat pass="2" fail="0" skip="0">All Tests</stat>
</total>
<tag>
<stat pass="2" fail="0" skip="0">regression</stat>
</tag>
<suite>
<stat name="26Tagging" id="s1" pass="2" fail="0" skip="0">26Tagging</stat>
</suite>
</statistics>
<errors>
</errors>
</robot>
